[20:22:41] [main/INFO] (Launcher) ModLauncher running: args [--launchTarget, forgeserveruserdev, --gameDir, ., --fml.forgeVersion, 47.4.1, --fml.mcVersion, 1.20.1, --fml.forgeGroup, net.minecraftforge, --fml.mcpVersion, 20230612.114412, nogui, nogui]
[20:22:41] [main/INFO] (Launcher) ModLauncher 10.0.9+10.0.9+main.dcd20f30 starting: java version 21.0.8 by Eclipse Adoptium; OS Windows 11 arch amd64 version 10.0
[20:22:41] [main/INFO] (ImmediateWindowHandler) ImmediateWindowProvider not loading because launch target is forgeserveruserdev
[20:22:41] [main/INFO] (mixin) SpongePowered MIXIN Subsystem Version=0.8.5 Source=union:/C:/Users/zacpa/.gradle/caches/modules-2/files-2.1/dev.architectury/mixin-patched/0.8.5.12/cf1f787f58d3b08b0cb53ecbba7928c09a1893c8/mixin-patched-0.8.5.12.jar%23129!/ Service=ModLauncher Env=SERVER
[20:22:42] [main/WARN] (ModFileParser) Mod file C:\Users\zacpa\.gradle\caches\modules-2\files-2.1\net.minecraftforge\javafmllanguage\1.20.1-47.4.1\97b774cead20444ed9d0c2de762881a15d872397\javafmllanguage-1.20.1-47.4.1.jar is missing mods.toml file
[20:22:42] [main/WARN] (ModFileParser) Mod file C:\Users\zacpa\.gradle\caches\modules-2\files-2.1\net.minecraftforge\lowcodelanguage\1.20.1-47.4.1\da4a2af4a4ebbbb33e35b292a16fe3f7122b236\lowcodelanguage-1.20.1-47.4.1.jar is missing mods.toml file
[20:22:42] [main/WARN] (ModFileParser) Mod file C:\Users\zacpa\.gradle\caches\modules-2\files-2.1\net.minecraftforge\mclanguage\1.20.1-47.4.1\75a8f0757adad78cbd8108dff9e0d39cbdb3d787\mclanguage-1.20.1-47.4.1.jar is missing mods.toml file
[20:22:42] [main/WARN] (ModFileParser) Mod file C:\Users\zacpa\.gradle\caches\modules-2\files-2.1\net.minecraftforge\fmlcore\1.20.1-47.4.1\3061e70b85c05f936d9fa24477be4d4205d8f6b8\fmlcore-1.20.1-47.4.1.jar is missing mods.toml file
[20:22:42] [main/INFO] (ModDiscoverer) Found mod file javafmllanguage-1.20.1-47.4.1.jar of type LANGPROVIDER with provider net.minecraftforge.fml.loading.moddiscovery.MinecraftLocator@72efb5c1
[20:22:42] [main/INFO] (ModDiscoverer) Found mod file lowcodelanguage-1.20.1-47.4.1.jar of type LANGPROVIDER with provider net.minecraftforge.fml.loading.moddiscovery.MinecraftLocator@72efb5c1
[20:22:42] [main/INFO] (ModDiscoverer) Found mod file mclanguage-1.20.1-47.4.1.jar of type LANGPROVIDER with provider net.minecraftforge.fml.loading.moddiscovery.MinecraftLocator@72efb5c1
[20:22:42] [main/INFO] (ModDiscoverer) Found mod file fmlcore-1.20.1-47.4.1.jar of type LIBRARY with provider net.minecraftforge.fml.loading.moddiscovery.MinecraftLocator@72efb5c1
[20:22:42] [main/INFO] (ModDiscoverer) Found mod file forge-1.20.1-47.4.1-minecraft-merged-1.20.1-loom.mappings.1_20_1.layered+hash.40545-v2-forge-1.20.1-47.4.1.jar of type MOD with provider net.minecraftforge.fml.loading.moddiscovery.MinecraftLocator@72efb5c1
[20:22:42] [main/INFO] (ModDiscoverer) Found mod file main of type MOD with provider net.minecraftforge.fml.loading.moddiscovery.MinecraftLocator@72efb5c1
[20:22:42] [main/INFO] (ModDiscoverer) Found mod file  of type MOD with provider net.minecraftforge.fml.loading.moddiscovery.MinecraftLocator@72efb5c1
[20:22:42] [main/INFO] (ModDiscoverer) Found mod file terrablender-3.0.1.10.jar of type MOD with provider net.minecraftforge.fml.loading.moddiscovery.ClasspathLocator@77b325b3
[20:22:42] [main/INFO] (ModDiscoverer) Found mod file mixinextras-forge-0.3.5.jar of type GAMELIBRARY with provider net.minecraftforge.fml.loading.moddiscovery.ClasspathLocator@77b325b3
[20:22:42] [main/INFO] (ModDiscoverer) Found mod file ldlib-mc1.20.1-1.0.45-forge.jar of type MOD with provider net.minecraftforge.fml.loading.moddiscovery.ClasspathLocator@77b325b3
[20:22:42] [main/INFO] (ModDiscoverer) Found mod file architectury-9.2.9999-forge-50f2e5e2f4fc.jar of type MOD with provider net.minecraftforge.fml.loading.moddiscovery.ClasspathLocator@77b325b3
[20:22:42] [main/INFO] (ModDiscoverer) Found mod file configuration-forge-1.20.1-3.1.0-179ca1a99289.jar of type MOD with provider net.minecraftforge.fml.loading.moddiscovery.ClasspathLocator@77b325b3
[20:22:42] [main/INFO] (ModDiscoverer) Found mod file gtceu-1.20.1-7.2.0-SNAPSHOT.jar of type MOD with provider net.minecraftforge.fml.loading.moddiscovery.ClasspathLocator@77b325b3
[20:22:42] [main/INFO] (ModDiscoverer) Found mod file cosmic-horizons-cosmos-0.0.7.3.jar of type MOD with provider net.minecraftforge.fml.loading.moddiscovery.ClasspathLocator@77b325b3
[20:22:42] [main/INFO] (ModDiscoverer) Found mod file cosmos-unbound-1200939-6195968.jar of type MOD with provider net.minecraftforge.fml.loading.moddiscovery.ClasspathLocator@77b325b3
[20:22:42] [main/INFO] (ModDiscoverer) Found mod file terrablender-3.0.1.10.jar of type MOD with provider net.minecraftforge.fml.loading.moddiscovery.ClasspathLocator@77b325b3
[20:22:42] [main/INFO] (ModDiscoverer) Found mod file mixinextras-forge-0.3.5.jar of type GAMELIBRARY with provider net.minecraftforge.fml.loading.moddiscovery.ClasspathLocator@77b325b3
[20:22:42] [main/INFO] (ModDiscoverer) Found mod file ldlib-mc1.20.1-1.0.45-forge.jar of type MOD with provider net.minecraftforge.fml.loading.moddiscovery.ClasspathLocator@77b325b3
[20:22:42] [main/INFO] (ModDiscoverer) Found mod file architectury-9.2.9999-forge-50f2e5e2f4fc.jar of type MOD with provider net.minecraftforge.fml.loading.moddiscovery.ClasspathLocator@77b325b3
[20:22:42] [main/INFO] (ModDiscoverer) Found mod file configuration-forge-1.20.1-3.1.0-179ca1a99289.jar of type MOD with provider net.minecraftforge.fml.loading.moddiscovery.ClasspathLocator@77b325b3
[20:22:42] [main/INFO] (ModDiscoverer) Found mod file gtceu-1.20.1-7.2.0-SNAPSHOT.jar of type MOD with provider net.minecraftforge.fml.loading.moddiscovery.ClasspathLocator@77b325b3
[20:22:42] [main/INFO] (ModDiscoverer) Found mod file cosmic-horizons-cosmos-0.0.7.3.jar of type MOD with provider net.minecraftforge.fml.loading.moddiscovery.ClasspathLocator@77b325b3
[20:22:42] [main/INFO] (ModDiscoverer) Found mod file cosmos-unbound-1200939-6195968.jar of type MOD with provider net.minecraftforge.fml.loading.moddiscovery.ClasspathLocator@77b325b3
[20:22:42] [main/INFO] (JarInJarDependencyLocator) No dependencies to load found. Skipping!
[20:22:45] [main/INFO] (mixin) Compatibility level set to JAVA_17
[20:22:45] [main/INFO] (LaunchServiceHandler) Launching target 'forgeserveruserdev' with arguments [--gameDir, ., nogui, nogui]
[20:22:45] [main/INFO] (unprotect) Found 7423 Minecraft classes
